<?xml version="1.0" encoding="UTF-8"?>
<!-- Generated by org.testng.reporters.JUnitReportReporter -->
<testsuite hostname="SATHYAKUMAR" failures="0" tests="1" name="tests.LoginTest" time="16.744" errors="0" timestamp="2025-06-29T19:19:57 IST" skipped="0">
  <testcase classname="tests.LoginTest" name="testValidLogin" time="16.744"/>
</testsuite> <!-- tests.LoginTest -->
